build/app/intermediates/manifest_merge_blame_file/debug/processDebugMainManifest/manifest-merger-blame-debug-report.txt
1<?xml version="1.0" encoding="utf-8"?>
2<manifest xmlns:android="http://schemas.android.com/apk/res/android"
3    package="com.ali.campusconnect"
4    android:versionCode="1"
5    android:versionName="1.0" >
6
7    <uses-sdk
8        android:minSdkVersion="23"
9        android:targetSdkVersion="35" />
10    <!--
11         The INTERNET permission is required for development. Specifically,
12         the Flutter tool needs it to communicate with the running application
13         to allow setting breakpoints, to provide hot reload, etc.
14    -->
15    <uses-permission android:name="android.permission.INTERNET" />
15-->src/debug/AndroidManifest.xml:6:5-66
15-->src/debug/AndroidManifest.xml:6:22-64
16    <!--
17     Required to query activities that can process text, see:
18         https://developer.android.com/training/package-visibility and
19         https://developer.android.com/reference/android/content/Intent#ACTION_PROCESS_TEXT.
20
21         In particular, this is used by the Flutter engine in io.flutter.plugin.text.ProcessTextPlugin.
22    -->
23    <queries>
23-->src/main/AndroidManifest.xml:39:5-44:15
24        <intent>
24-->src/main/AndroidManifest.xml:40:9-43:18
25            <action android:name="android.intent.action.PROCESS_TEXT" />
25-->src/main/AndroidManifest.xml:41:13-72
25-->src/main/AndroidManifest.xml:41:21-70
26
27            <data android:mimeType="text/plain" />
27-->src/main/AndroidManifest.xml:42:13-50
27-->src/main/AndroidManifest.xml:42:19-48
28        </intent>
29    </queries>
30
31    <uses-permission android:name="android.permission.WAKE_LOCK" />
31-->[:firebase_messaging] AndroidManifest.xml:8:5-68
31-->[:firebase_messaging] AndroidManifest.xml:8:22-65
32    <uses-permission android:name="android.permission.ACCESS_NETWORK_STATE" /> <!-- Permissions options for the `notification` group -->
32-->[:firebase_messaging] AndroidManifest.xml:9:5-79
32-->[:firebase_messaging] AndroidManifest.xml:9:22-76
33    <uses-permission android:name="android.permission.POST_NOTIFICATIONS" /> <!-- Required by older versions of Google Play services to create IID tokens -->
33-->[:firebase_messaging] AndroidManifest.xml:11:5-77
33-->[:firebase_messaging] AndroidManifest.xml:11:22-74
34    <uses-permission android:name="com.google.android.c2dm.permission.RECEIVE" />
34-->[com.google.firebase:firebase-messaging:24.1.1] AndroidManifest.xml:26:5-82
34-->[com.google.firebase:firebase-messaging:24.1.1] AndroidManifest.xml:26:22-79
35    <uses-permission android:name="android.permission.VIBRATE" />
35-->[:flutter_local_notifications] AndroidManifest.xml:7:5-66
35-->[:flutter_local_notifications] AndroidManifest.xml:7:22-63
36    <uses-permission android:name="com.google.android.providers.gsf.permission.READ_GSERVICES" />
36-->[com.google.android.recaptcha:recaptcha:18.6.1] AndroidManifest.xml:9:5-98
36-->[com.google.android.recaptcha:recaptcha:18.6.1] AndroidManifest.xml:9:22-95
37
38    <permission
38-->[androidx.core:core:1.13.1] AndroidManifest.xml:22:5-24:47
39        android:name="com.ali.campusconnect.DYNAMIC_RECEIVER_NOT_EXPORTED_PERMISSION"
39-->[androidx.core:core:1.13.1] AndroidManifest.xml:23:9-81
40        android:protectionLevel="signature" />
40-->[androidx.core:core:1.13.1] AndroidManifest.xml:24:9-44
41
42    <uses-permission android:name="com.ali.campusconnect.DYNAMIC_RECEIVER_NOT_EXPORTED_PERMISSION" />
42-->[androidx.core:core:1.13.1] AndroidManifest.xml:26:5-97
42-->[androidx.core:core:1.13.1] AndroidManifest.xml:26:22-94
43
44    <application
45        android:name="android.app.Application"
46        android:appComponentFactory="androidx.core.app.CoreComponentFactory"
46-->[androidx.core:core:1.13.1] AndroidManifest.xml:28:18-86
47        android:debuggable="true"
48        android:extractNativeLibs="false"
49        android:icon="@mipmap/ic_launcher"
50        android:label="campusconnect" >
51        <activity
52            android:name="com.ali.campusconnect.MainActivity"
53            android:configChanges="orientation|keyboardHidden|keyboard|screenSize|smallestScreenSize|locale|layoutDirection|fontScale|screenLayout|density|uiMode"
54            android:exported="true"
55            android:hardwareAccelerated="true"
56            android:launchMode="singleTop"
57            android:taskAffinity=""
58            android:theme="@style/LaunchTheme"
59            android:windowSoftInputMode="adjustResize" >
60
61            <!--
62                 Specifies an Android theme to apply to this Activity as soon as
63                 the Android process has started. This theme is visible to the user
64                 while the Flutter UI initializes. After that, this theme continues
65                 to determine the Window background behind the Flutter UI.
66            -->
67            <meta-data
68                android:name="io.flutter.embedding.android.NormalTheme"
69                android:resource="@style/NormalTheme" />
70
71            <intent-filter>
72                <action android:name="android.intent.action.MAIN" />
73
74                <category android:name="android.intent.category.LAUNCHER" />
75            </intent-filter>
76        </activity>
77        <!--
78             Don't delete the meta-data below.
79             This is used by the Flutter tool to generate GeneratedPluginRegistrant.java
80        -->
81        <meta-data
82            android:name="flutterEmbedding"
83            android:value="2" />
84
85        <service
85-->[:firebase_auth] AndroidManifest.xml:8:9-12:19
86            android:name="com.google.firebase.components.ComponentDiscoveryService"
86-->[:firebase_auth] AndroidManifest.xml:8:18-89
87            android:directBootAware="true"
87-->[com.google.firebase:firebase-common:21.0.0] AndroidManifest.xml:32:13-43
88            android:exported="false" >
88-->[com.google.firebase:firebase-auth:23.2.0] AndroidManifest.xml:68:13-37
89            <meta-data
89-->[:firebase_auth] AndroidManifest.xml:9:13-11:85
90                android:name="com.google.firebase.components:io.flutter.plugins.firebase.auth.FlutterFirebaseAuthRegistrar"
90-->[:firebase_auth] AndroidManifest.xml:10:17-124
91                android:value="com.google.firebase.components.ComponentRegistrar" />
91-->[:firebase_auth] AndroidManifest.xml:11:17-82
92            <meta-data
92-->[:cloud_firestore] AndroidManifest.xml:9:13-11:85
93                android:name="com.google.firebase.components:io.flutter.plugins.firebase.firestore.FlutterFirebaseFirestoreRegistrar"
93-->[:cloud_firestore] AndroidManifest.xml:10:17-134
94                android:value="com.google.firebase.components.ComponentRegistrar" />
94-->[:cloud_firestore] AndroidManifest.xml:11:17-82
95            <meta-data
95-->[:firebase_database] AndroidManifest.xml:9:13-11:85
96                android:name="com.google.firebase.components:io.flutter.plugins.firebase.database.FlutterFirebaseAppRegistrar"
96-->[:firebase_database] AndroidManifest.xml:10:17-127
97                android:value="com.google.firebase.components.ComponentRegistrar" />
97-->[:firebase_database] AndroidManifest.xml:11:17-82
98            <meta-data
98-->[:firebase_messaging] AndroidManifest.xml:36:13-38:85
99                android:name="com.google.firebase.components:io.flutter.plugins.firebase.messaging.FlutterFirebaseAppRegistrar"
99-->[:firebase_messaging] AndroidManifest.xml:37:17-128
100                android:value="com.google.firebase.components.ComponentRegistrar" />
100-->[:firebase_messaging] AndroidManifest.xml:38:17-82
101            <meta-data
101-->[:firebase_core] AndroidManifest.xml:9:13-11:85
102                android:name="com.google.firebase.components:io.flutter.plugins.firebase.core.FlutterFirebaseCoreRegistrar"
102-->[:firebase_core] AndroidManifest.xml:10:17-124
103                android:value="com.google.firebase.components.ComponentRegistrar" />
103-->[:firebase_core] AndroidManifest.xml:11:17-82
104            <meta-data
104-->[com.google.firebase:firebase-auth:23.2.0] AndroidManifest.xml:69:13-71:85
105                android:name="com.google.firebase.components:com.google.firebase.auth.FirebaseAuthRegistrar"
105-->[com.google.firebase:firebase-auth:23.2.0] AndroidManifest.xml:70:17-109
106                android:value="com.google.firebase.components.ComponentRegistrar" />
106-->[com.google.firebase:firebase-auth:23.2.0] AndroidManifest.xml:71:17-82
107            <meta-data
107-->[com.google.firebase:firebase-database:21.0.0] AndroidManifest.xml:29:13-31:85
108                android:name="com.google.firebase.components:com.google.firebase.database.FirebaseDatabaseKtxRegistrar"
108-->[com.google.firebase:firebase-database:21.0.0] AndroidManifest.xml:30:17-120
109                android:value="com.google.firebase.components.ComponentRegistrar" />
109-->[com.google.firebase:firebase-database:21.0.0] AndroidManifest.xml:31:17-82
110            <meta-data
110-->[com.google.firebase:firebase-database:21.0.0] AndroidManifest.xml:32:13-34:85
111                android:name="com.google.firebase.components:com.google.firebase.database.DatabaseRegistrar"
111-->[com.google.firebase:firebase-database:21.0.0] AndroidManifest.xml:33:17-109
112                android:value="com.google.firebase.components.ComponentRegistrar" />
112-->[com.google.firebase:firebase-database:21.0.0] AndroidManifest.xml:34:17-82
113            <meta-data
113-->[com.google.firebase:firebase-firestore:25.1.3] AndroidManifest.xml:17:13-19:85
114                android:name="com.google.firebase.components:com.google.firebase.firestore.FirebaseFirestoreKtxRegistrar"
114-->[com.google.firebase:firebase-firestore:25.1.3] AndroidManifest.xml:18:17-122
115                android:value="com.google.firebase.components.ComponentRegistrar" />
115-->[com.google.firebase:firebase-firestore:25.1.3] AndroidManifest.xml:19:17-82
116            <meta-data
116-->[com.google.firebase:firebase-firestore:25.1.3] AndroidManifest.xml:20:13-22:85
117                android:name="com.google.firebase.components:com.google.firebase.firestore.FirestoreRegistrar"
117-->[com.google.firebase:firebase-firestore:25.1.3] AndroidManifest.xml:21:17-111
118                android:value="com.google.firebase.components.ComponentRegistrar" />
118-->[com.google.firebase:firebase-firestore:25.1.3] AndroidManifest.xml:22:17-82
119            <meta-data
119-->[com.google.firebase:firebase-messaging:24.1.1] AndroidManifest.xml:57:13-59:85
120                android:name="com.google.firebase.components:com.google.firebase.messaging.FirebaseMessagingKtxRegistrar"
120-->[com.google.firebase:firebase-messaging:24.1.1] AndroidManifest.xml:58:17-122
121                android:value="com.google.firebase.components.ComponentRegistrar" />
121-->[com.google.firebase:firebase-messaging:24.1.1] AndroidManifest.xml:59:17-82
122            <meta-data
122-->[com.google.firebase:firebase-messaging:24.1.1] AndroidManifest.xml:60:13-62:85
123                android:name="com.google.firebase.components:com.google.firebase.messaging.FirebaseMessagingRegistrar"
123-->[com.google.firebase:firebase-messaging:24.1.1] AndroidManifest.xml:61:17-119
124                android:value="com.google.firebase.components.ComponentRegistrar" />
124-->[com.google.firebase:firebase-messaging:24.1.1] AndroidManifest.xml:62:17-82
125            <meta-data
125-->[com.google.firebase:firebase-installations:18.0.0] AndroidManifest.xml:15:13-17:85
126                android:name="com.google.firebase.components:com.google.firebase.installations.FirebaseInstallationsKtxRegistrar"
126-->[com.google.firebase:firebase-installations:18.0.0] AndroidManifest.xml:16:17-130
127                android:value="com.google.firebase.components.ComponentRegistrar" />
127-->[com.google.firebase:firebase-installations:18.0.0] AndroidManifest.xml:17:17-82
128            <meta-data
128-->[com.google.firebase:firebase-installations:18.0.0] AndroidManifest.xml:18:13-20:85
129                android:name="com.google.firebase.components:com.google.firebase.installations.FirebaseInstallationsRegistrar"
129-->[com.google.firebase:firebase-installations:18.0.0] AndroidManifest.xml:19:17-127
130                android:value="com.google.firebase.components.ComponentRegistrar" />
130-->[com.google.firebase:firebase-installations:18.0.0] AndroidManifest.xml:20:17-82
131            <meta-data
131-->[com.google.firebase:firebase-common-ktx:21.0.0] AndroidManifest.xml:12:13-14:85
132                android:name="com.google.firebase.components:com.google.firebase.ktx.FirebaseCommonLegacyRegistrar"
132-->[com.google.firebase:firebase-common-ktx:21.0.0] AndroidManifest.xml:13:17-116
133                android:value="com.google.firebase.components.ComponentRegistrar" />
133-->[com.google.firebase:firebase-common-ktx:21.0.0] AndroidManifest.xml:14:17-82
134            <meta-data
134-->[com.google.firebase:firebase-common:21.0.0] AndroidManifest.xml:35:13-37:85
135                android:name="com.google.firebase.components:com.google.firebase.FirebaseCommonKtxRegistrar"
135-->[com.google.firebase:firebase-common:21.0.0] AndroidManifest.xml:36:17-109
136                android:value="com.google.firebase.components.ComponentRegistrar" />
136-->[com.google.firebase:firebase-common:21.0.0] AndroidManifest.xml:37:17-82
137            <meta-data
137-->[com.google.firebase:firebase-datatransport:18.2.0] AndroidManifest.xml:25:13-27:85
138                android:name="com.google.firebase.components:com.google.firebase.datatransport.TransportRegistrar"
138-->[com.google.firebase:firebase-datatransport:18.2.0] AndroidManifest.xml:26:17-115
139                android:value="com.google.firebase.components.ComponentRegistrar" />
139-->[com.google.firebase:firebase-datatransport:18.2.0] AndroidManifest.xml:27:17-82
140        </service>
141        <service
141-->[:firebase_messaging] AndroidManifest.xml:14:9-17:72
142            android:name="io.flutter.plugins.firebase.messaging.FlutterFirebaseMessagingBackgroundService"
142-->[:firebase_messaging] AndroidManifest.xml:15:13-107
143            android:exported="false"
143-->[:firebase_messaging] AndroidManifest.xml:16:13-37
144            android:permission="android.permission.BIND_JOB_SERVICE" />
144-->[:firebase_messaging] AndroidManifest.xml:17:13-69
145        <service
145-->[:firebase_messaging] AndroidManifest.xml:18:9-24:19
146            android:name="io.flutter.plugins.firebase.messaging.FlutterFirebaseMessagingService"
146-->[:firebase_messaging] AndroidManifest.xml:19:13-97
147            android:exported="false" >
147-->[:firebase_messaging] AndroidManifest.xml:20:13-37
148            <intent-filter>
148-->[:firebase_messaging] AndroidManifest.xml:21:13-23:29
149                <action android:name="com.google.firebase.MESSAGING_EVENT" />
149-->[:firebase_messaging] AndroidManifest.xml:22:17-78
149-->[:firebase_messaging] AndroidManifest.xml:22:25-75
150            </intent-filter>
151        </service>
152
153        <receiver
153-->[:firebase_messaging] AndroidManifest.xml:26:9-33:20
154            android:name="io.flutter.plugins.firebase.messaging.FlutterFirebaseMessagingReceiver"
154-->[:firebase_messaging] AndroidManifest.xml:27:13-98
155            android:exported="true"
155-->[:firebase_messaging] AndroidManifest.xml:28:13-36
156            android:permission="com.google.android.c2dm.permission.SEND" >
156-->[:firebase_messaging] AndroidManifest.xml:29:13-73
157            <intent-filter>
157-->[:firebase_messaging] AndroidManifest.xml:30:13-32:29
158                <action android:name="com.google.android.c2dm.intent.RECEIVE" />
158-->[:firebase_messaging] AndroidManifest.xml:31:17-81
158-->[:firebase_messaging] AndroidManifest.xml:31:25-78
159            </intent-filter>
160        </receiver>
161
162        <provider
162-->[:firebase_messaging] AndroidManifest.xml:41:9-45:38
163            android:name="io.flutter.plugins.firebase.messaging.FlutterFirebaseMessagingInitProvider"
163-->[:firebase_messaging] AndroidManifest.xml:42:13-102
164            android:authorities="com.ali.campusconnect.flutterfirebasemessaginginitprovider"
164-->[:firebase_messaging] AndroidManifest.xml:43:13-88
165            android:exported="false"
165-->[:firebase_messaging] AndroidManifest.xml:44:13-37
166            android:initOrder="99" />
166-->[:firebase_messaging] AndroidManifest.xml:45:13-35
167
168        <activity
168-->[com.google.firebase:firebase-auth:23.2.0] AndroidManifest.xml:29:9-46:20
169            android:name="com.google.firebase.auth.internal.GenericIdpActivity"
169-->[com.google.firebase:firebase-auth:23.2.0] AndroidManifest.xml:30:13-80
170            android:excludeFromRecents="true"
170-->[com.google.firebase:firebase-auth:23.2.0] AndroidManifest.xml:31:13-46
171            android:exported="true"
171-->[com.google.firebase:firebase-auth:23.2.0] AndroidManifest.xml:32:13-36
172            android:launchMode="singleTask"
172-->[com.google.firebase:firebase-auth:23.2.0] AndroidManifest.xml:33:13-44
173            android:theme="@android:style/Theme.Translucent.NoTitleBar" >
173-->[com.google.firebase:firebase-auth:23.2.0] AndroidManifest.xml:34:13-72
174            <intent-filter>
174-->[com.google.firebase:firebase-auth:23.2.0] AndroidManifest.xml:35:13-45:29
175                <action android:name="android.intent.action.VIEW" />
175-->[com.google.firebase:firebase-auth:23.2.0] AndroidManifest.xml:36:17-69
175-->[com.google.firebase:firebase-auth:23.2.0] AndroidManifest.xml:36:25-66
176
177                <category android:name="android.intent.category.DEFAULT" />
177-->[com.google.firebase:firebase-auth:23.2.0] AndroidManifest.xml:38:17-76
177-->[com.google.firebase:firebase-auth:23.2.0] AndroidManifest.xml:38:27-73
178                <category android:name="android.intent.category.BROWSABLE" />
178-->[com.google.firebase:firebase-auth:23.2.0] AndroidManifest.xml:39:17-78
178-->[com.google.firebase:firebase-auth:23.2.0] AndroidManifest.xml:39:27-75
179
180                <data
180-->src/main/AndroidManifest.xml:42:13-50
181                    android:host="firebase.auth"
182                    android:path="/"
183                    android:scheme="genericidp" />
184            </intent-filter>
185        </activity>
186        <activity
186-->[com.google.firebase:firebase-auth:23.2.0] AndroidManifest.xml:47:9-64:20
187            android:name="com.google.firebase.auth.internal.RecaptchaActivity"
187-->[com.google.firebase:firebase-auth:23.2.0] AndroidManifest.xml:48:13-79
188            android:excludeFromRecents="true"
188-->[com.google.firebase:firebase-auth:23.2.0] AndroidManifest.xml:49:13-46
189            android:exported="true"
189-->[com.google.firebase:firebase-auth:23.2.0] AndroidManifest.xml:50:13-36
190            android:launchMode="singleTask"
190-->[com.google.firebase:firebase-auth:23.2.0] AndroidManifest.xml:51:13-44
191            android:theme="@android:style/Theme.Translucent.NoTitleBar" >
191-->[com.google.firebase:firebase-auth:23.2.0] AndroidManifest.xml:52:13-72
192            <intent-filter>
192-->[com.google.firebase:firebase-auth:23.2.0] AndroidManifest.xml:53:13-63:29
193                <action android:name="android.intent.action.VIEW" />
193-->[com.google.firebase:firebase-auth:23.2.0] AndroidManifest.xml:36:17-69
193-->[com.google.firebase:firebase-auth:23.2.0] AndroidManifest.xml:36:25-66
194
195                <category android:name="android.intent.category.DEFAULT" />
195-->[com.google.firebase:firebase-auth:23.2.0] AndroidManifest.xml:38:17-76
195-->[com.google.firebase:firebase-auth:23.2.0] AndroidManifest.xml:38:27-73
196                <category android:name="android.intent.category.BROWSABLE" />
196-->[com.google.firebase:firebase-auth:23.2.0] AndroidManifest.xml:39:17-78
196-->[com.google.firebase:firebase-auth:23.2.0] AndroidManifest.xml:39:27-75
197
198                <data
198-->src/main/AndroidManifest.xml:42:13-50
199                    android:host="firebase.auth"
200                    android:path="/"
201                    android:scheme="recaptcha" />
202            </intent-filter>
203        </activity>
204
205        <receiver
205-->[com.google.firebase:firebase-messaging:24.1.1] AndroidManifest.xml:29:9-40:20
206            android:name="com.google.firebase.iid.FirebaseInstanceIdReceiver"
206-->[com.google.firebase:firebase-messaging:24.1.1] AndroidManifest.xml:30:13-78
207            android:exported="true"
207-->[com.google.firebase:firebase-messaging:24.1.1] AndroidManifest.xml:31:13-36
208            android:permission="com.google.android.c2dm.permission.SEND" >
208-->[com.google.firebase:firebase-messaging:24.1.1] AndroidManifest.xml:32:13-73
209            <intent-filter>
209-->[:firebase_messaging] AndroidManifest.xml:30:13-32:29
210                <action android:name="com.google.android.c2dm.intent.RECEIVE" />
210-->[:firebase_messaging] AndroidManifest.xml:31:17-81
210-->[:firebase_messaging] AndroidManifest.xml:31:25-78
211            </intent-filter>
212
213            <meta-data
213-->[com.google.firebase:firebase-messaging:24.1.1] AndroidManifest.xml:37:13-39:40
214                android:name="com.google.android.gms.cloudmessaging.FINISHED_AFTER_HANDLED"
214-->[com.google.firebase:firebase-messaging:24.1.1] AndroidManifest.xml:38:17-92
215                android:value="true" />
215-->[com.google.firebase:firebase-messaging:24.1.1] AndroidManifest.xml:39:17-37
216        </receiver>
217        <!--
218             FirebaseMessagingService performs security checks at runtime,
219             but set to not exported to explicitly avoid allowing another app to call it.
220        -->
221        <service
221-->[com.google.firebase:firebase-messaging:24.1.1] AndroidManifest.xml:46:9-53:19
222            android:name="com.google.firebase.messaging.FirebaseMessagingService"
222-->[com.google.firebase:firebase-messaging:24.1.1] AndroidManifest.xml:47:13-82
223            android:directBootAware="true"
223-->[com.google.firebase:firebase-messaging:24.1.1] AndroidManifest.xml:48:13-43
224            android:exported="false" >
224-->[com.google.firebase:firebase-messaging:24.1.1] AndroidManifest.xml:49:13-37
225            <intent-filter android:priority="-500" >
225-->[:firebase_messaging] AndroidManifest.xml:21:13-23:29
226                <action android:name="com.google.firebase.MESSAGING_EVENT" />
226-->[:firebase_messaging] AndroidManifest.xml:22:17-78
226-->[:firebase_messaging] AndroidManifest.xml:22:25-75
227            </intent-filter>
228        </service>
229        <service
229-->[androidx.credentials:credentials-play-services-auth:1.2.0-rc01] AndroidManifest.xml:24:9-32:19
230            android:name="androidx.credentials.playservices.CredentialProviderMetadataHolder"
230-->[androidx.credentials:credentials-play-services-auth:1.2.0-rc01] AndroidManifest.xml:25:13-94
231            android:enabled="true"
231-->[androidx.credentials:credentials-play-services-auth:1.2.0-rc01] AndroidManifest.xml:26:13-35
232            android:exported="false" >
232-->[androidx.credentials:credentials-play-services-auth:1.2.0-rc01] AndroidManifest.xml:27:13-37
233            <meta-data
233-->[androidx.credentials:credentials-play-services-auth:1.2.0-rc01] AndroidManifest.xml:29:13-31:104
234                android:name="androidx.credentials.CREDENTIAL_PROVIDER_KEY"
234-->[androidx.credentials:credentials-play-services-auth:1.2.0-rc01] AndroidManifest.xml:30:17-76
235                android:value="androidx.credentials.playservices.CredentialProviderPlayServicesImpl" />
235-->[androidx.credentials:credentials-play-services-auth:1.2.0-rc01] AndroidManifest.xml:31:17-101
236        </service>
237
238        <activity
238-->[androidx.credentials:credentials-play-services-auth:1.2.0-rc01] AndroidManifest.xml:34:9-41:20
239            android:name="androidx.credentials.playservices.HiddenActivity"
239-->[androidx.credentials:credentials-play-services-auth:1.2.0-rc01] AndroidManifest.xml:35:13-76
240            android:configChanges="orientation|screenSize|screenLayout|keyboardHidden"
240-->[androidx.credentials:credentials-play-services-auth:1.2.0-rc01] AndroidManifest.xml:36:13-87
241            android:enabled="true"
241-->[androidx.credentials:credentials-play-services-auth:1.2.0-rc01] AndroidManifest.xml:37:13-35
242            android:exported="false"
242-->[androidx.credentials:credentials-play-services-auth:1.2.0-rc01] AndroidManifest.xml:38:13-37
243            android:fitsSystemWindows="true"
243-->[androidx.credentials:credentials-play-services-auth:1.2.0-rc01] AndroidManifest.xml:39:13-45
244            android:theme="@style/Theme.Hidden" >
244-->[androidx.credentials:credentials-play-services-auth:1.2.0-rc01] AndroidManifest.xml:40:13-48
245        </activity>
246
247        <uses-library
247-->[androidx.window:window:1.2.0] AndroidManifest.xml:23:9-25:40
248            android:name="androidx.window.extensions"
248-->[androidx.window:window:1.2.0] AndroidManifest.xml:24:13-54
249            android:required="false" />
249-->[androidx.window:window:1.2.0] AndroidManifest.xml:25:13-37
250        <uses-library
250-->[androidx.window:window:1.2.0] AndroidManifest.xml:26:9-28:40
251            android:name="androidx.window.sidecar"
251-->[androidx.window:window:1.2.0] AndroidManifest.xml:27:13-51
252            android:required="false" />
252-->[androidx.window:window:1.2.0] AndroidManifest.xml:28:13-37
253
254        <provider
254-->[com.google.firebase:firebase-common:21.0.0] AndroidManifest.xml:23:9-28:39
255            android:name="com.google.firebase.provider.FirebaseInitProvider"
255-->[com.google.firebase:firebase-common:21.0.0] AndroidManifest.xml:24:13-77
256            android:authorities="com.ali.campusconnect.firebaseinitprovider"
256-->[com.google.firebase:firebase-common:21.0.0] AndroidManifest.xml:25:13-72
257            android:directBootAware="true"
257-->[com.google.firebase:firebase-common:21.0.0] AndroidManifest.xml:26:13-43
258            android:exported="false"
258-->[com.google.firebase:firebase-common:21.0.0] AndroidManifest.xml:27:13-37
259            android:initOrder="100" />
259-->[com.google.firebase:firebase-common:21.0.0] AndroidManifest.xml:28:13-36
260
261        <activity
261-->[com.google.android.gms:play-services-auth:20.7.0] AndroidManifest.xml:23:9-27:75
262            android:name="com.google.android.gms.auth.api.signin.internal.SignInHubActivity"
262-->[com.google.android.gms:play-services-auth:20.7.0] AndroidManifest.xml:24:13-93
263            android:excludeFromRecents="true"
263-->[com.google.android.gms:play-services-auth:20.7.0] AndroidManifest.xml:25:13-46
264            android:exported="false"
264-->[com.google.android.gms:play-services-auth:20.7.0] AndroidManifest.xml:26:13-37
265            android:theme="@android:style/Theme.Translucent.NoTitleBar" />
265-->[com.google.android.gms:play-services-auth:20.7.0] AndroidManifest.xml:27:13-72
266        <!--
267            Service handling Google Sign-In user revocation. For apps that do not integrate with
268            Google Sign-In, this service will never be started.
269        -->
270        <service
270-->[com.google.android.gms:play-services-auth:20.7.0] AndroidManifest.xml:33:9-37:51
271            android:name="com.google.android.gms.auth.api.signin.RevocationBoundService"
271-->[com.google.android.gms:play-services-auth:20.7.0] AndroidManifest.xml:34:13-89
272            android:exported="true"
272-->[com.google.android.gms:play-services-auth:20.7.0] AndroidManifest.xml:35:13-36
273            android:permission="com.google.android.gms.auth.api.signin.permission.REVOCATION_NOTIFICATION"
273-->[com.google.android.gms:play-services-auth:20.7.0] AndroidManifest.xml:36:13-107
274            android:visibleToInstantApps="true" />
274-->[com.google.android.gms:play-services-auth:20.7.0] AndroidManifest.xml:37:13-48
275
276        <activity
276-->[com.google.android.gms:play-services-base:18.1.0] AndroidManifest.xml:20:9-22:45
277            android:name="com.google.android.gms.common.api.GoogleApiActivity"
277-->[com.google.android.gms:play-services-base:18.1.0] AndroidManifest.xml:20:19-85
278            android:exported="false"
278-->[com.google.android.gms:play-services-base:18.1.0] AndroidManifest.xml:22:19-43
279            android:theme="@android:style/Theme.Translucent.NoTitleBar" />
279-->[com.google.android.gms:play-services-base:18.1.0] AndroidManifest.xml:21:19-78
280
281        <meta-data
281-->[com.google.android.gms:play-services-basement:18.4.0] AndroidManifest.xml:6:9-122
282            android:name="com.google.android.gms.version"
282-->[com.google.android.gms:play-services-basement:18.4.0] AndroidManifest.xml:6:20-65
283            android:value="@integer/google_play_services_version" />
283-->[com.google.android.gms:play-services-basement:18.4.0] AndroidManifest.xml:6:66-119
284
285        <provider
285-->[androidx.lifecycle:lifecycle-process:2.7.0] AndroidManifest.xml:24:9-32:20
286            android:name="androidx.startup.InitializationProvider"
286-->[androidx.lifecycle:lifecycle-process:2.7.0] AndroidManifest.xml:25:13-67
287            android:authorities="com.ali.campusconnect.androidx-startup"
287-->[androidx.lifecycle:lifecycle-process:2.7.0] AndroidManifest.xml:26:13-68
288            android:exported="false" >
288-->[androidx.lifecycle:lifecycle-process:2.7.0] AndroidManifest.xml:27:13-37
289            <meta-data
289-->[androidx.lifecycle:lifecycle-process:2.7.0] AndroidManifest.xml:29:13-31:52
290                android:name="androidx.lifecycle.ProcessLifecycleInitializer"
290-->[androidx.lifecycle:lifecycle-process:2.7.0] AndroidManifest.xml:30:17-78
291                android:value="androidx.startup" />
291-->[androidx.lifecycle:lifecycle-process:2.7.0] AndroidManifest.xml:31:17-49
292            <meta-data
292-->[androidx.profileinstaller:profileinstaller:1.3.1] AndroidManifest.xml:29:13-31:52